<?xml version="1.0" encoding="UTF-8"?>
<!-- Generated by org.testng.reporters.JUnitReportReporter -->
<testsuite hostname="sudhanshu" name="com.actiTime.test.TC_001_LoginPageTest" tests="1" failures="0" timestamp="24 Oct 2020 13:44:26 GMT" time="0.364" errors="0">
  <testcase name="loginTest" time="0.364" classname="com.actiTime.test.TC_001_LoginPageTest"/>
</testsuite> <!-- com.actiTime.test.TC_001_LoginPageTest -->
