<?xml version="1.0" encoding="UTF-8"?>
<!-- Generated by org.testng.reporters.JUnitReportReporter -->
<testsuite hostname="sudhanshu" name="com.actiTime.test.TC_002_CreateNewTask" tests="1" failures="0" timestamp="2 Nov 2020 15:14:21 GMT" time="6.438" errors="0">
  <testcase name="createNewTask" time="6.438" classname="com.actiTime.test.TC_002_CreateNewTask"/>
</testsuite> <!-- com.actiTime.test.TC_002_CreateNewTask -->
