<?xml version="1.0" encoding="UTF-8"?>
<!-- Generated by org.testng.reporters.JUnitReportReporter -->
<testsuite hostname="sudhanshu" name="com.actiTime.test.TC_001_LoginPageTest" tests="1" failures="0" timestamp="2 Nov 2020 15:14:21 GMT" time="0.923" errors="0">
  <testcase name="loginTest" time="0.923" classname="com.actiTime.test.TC_001_LoginPageTest"/>
</testsuite> <!-- com.actiTime.test.TC_001_LoginPageTest -->
