<?xml version="1.0" encoding="UTF-8"?>
<!-- Generated by org.testng.reporters.JUnitReportReporter -->
<testsuite hostname="sudhanshu" name="com.actiTime.test.TC_002_CreateNewTask" tests="1" failures="0" timestamp="24 Oct 2020 14:06:16 GMT" time="7.549" errors="0">
  <testcase name="createNewTask" time="7.549" classname="com.actiTime.test.TC_002_CreateNewTask"/>
</testsuite> <!-- com.actiTime.test.TC_002_CreateNewTask -->
