<?xml version="1.0" encoding="UTF-8"?>
<!-- Generated by org.testng.reporters.JUnitReportReporter -->
<testsuite skipped="0" hostname="sudhanshu" name="com.actiTime.test.TC_001_LoginPageTest" tests="1" failures="0" timestamp="24 Oct 2020 18:42:59 GMT" time="0.740" errors="0">
  <testcase name="loginTest" time="0.740" classname="com.actiTime.test.TC_001_LoginPageTest"/>
</testsuite> <!-- com.actiTime.test.TC_001_LoginPageTest -->
