<?xml version="1.0" encoding="UTF-8"?>
<!-- Generated by org.testng.reporters.JUnitReportReporter -->
<testsuite hostname="sudhanshu" name="com.actiTime.Test.TC_001_LoginTest" tests="1" failures="0" timestamp="31 May 2020 11:44:34 GMT" time="2.701" errors="0">
  <testcase name="loginTest" time="2.701" classname="com.actiTime.Test.TC_001_LoginTest"/>
</testsuite> <!-- com.actiTime.Test.TC_001_LoginTest -->
