<?xml version="1.0" encoding="UTF-8"?>
<!-- Generated by org.testng.reporters.JUnitReportReporter -->
<testsuite hostname="sudhanshu" name="com.actiTime.Test.TC_001_LoginTest" tests="1" failures="0" timestamp="31 May 2020 12:08:08 GMT" time="5.888" errors="0">
  <testcase name="loginTest" time="5.888" classname="com.actiTime.Test.TC_001_LoginTest"/>
</testsuite> <!-- com.actiTime.Test.TC_001_LoginTest -->
